<?xml version="1.0" encoding="UTF-8"?>
<!-- Generated by org.testng.reporters.JUnitXMLReporter -->
<testsuite ignored="0" hostname="DESKTOP-IPR9D9U" failures="0" tests="11" name="Login Tests" time="38.217" errors="0" timestamp="2026-07-17T16:13:23 IST">
  <testcase classname="tests.SwagLabsLoginTest" name="loginTest" time="0.531"/>
  <testcase classname="tests.SwagLabsLoginTest" name="loginTest" time="0.543"/>
  <testcase classname="tests.SwagLabsLoginTest" name="loginTest" time="5.563"/>
  <testcase classname="tests.SwagLabsLoginTest" name="loginTest" time="0.507"/>
  <testcase classname="tests.SwagLabsLoginTest" name="loginTest" time="0.549"/>
  <testcase classname="tests.SwagLabsLoginTest" name="loginTest" time="0.5"/>
  <testcase classname="tests.SwagLabsLoginTest" name="loginTest" time="0.503"/>
  <testcase classname="tests.SwagLabsLoginTest" name="loginTest" time="0.497"/>
  <testcase classname="tests.SwagLabsLoginTest" name="loginTest" time="0.439"/>
  <testcase classname="tests.SwagLabsLoginTest" name="loginTest" time="0.441"/>
  <testcase classname="tests.SwagLabsLoginTest" name="loginTest" time="0.383"/>
</testsuite> <!-- Login Tests -->
