<?xml version="1.0" encoding="UTF-8"?>
<!-- Generated by org.testng.reporters.JUnitXMLReporter -->
<testsuite ignored="0" hostname="DESKTOP-IPR9D9U" failures="0" tests="13" name="Unit Tests" time="42.957" errors="0" timestamp="2026-07-17T16:21:24 IST">
  <testcase classname="tests.SwagLabsLoginTest" name="loginTest" time="1.716"/>
  <testcase classname="tests.SwagLabsLoginTest" name="loginTest" time="0.545"/>
  <testcase classname="tests.SwagLabsLoginTest" name="loginTest" time="5.473"/>
  <testcase classname="tests.SwagLabsLoginTest" name="loginTest" time="0.582"/>
  <testcase classname="tests.SwagLabsLoginTest" name="loginTest" time="0.537"/>
  <testcase classname="tests.SwagLabsLoginTest" name="loginTest" time="0.508"/>
  <testcase classname="tests.SwagLabsLoginTest" name="loginTest" time="0.493"/>
  <testcase classname="tests.SwagLabsLoginTest" name="loginTest" time="0.507"/>
  <testcase classname="tests.SwagLabsLoginTest" name="loginTest" time="0.475"/>
  <testcase classname="tests.SwagLabsLoginTest" name="loginTest" time="0.475"/>
  <testcase classname="tests.SwagLabsLoginTest" name="loginTest" time="0.407"/>
  <testcase classname="tests.ShoppingTest" name="shoppingCartTest" time="0.898"/>
  <testcase classname="tests.CheckoutTest" name="checkoutTest" time="1.315"/>
</testsuite> <!-- Unit Tests -->
