<?xml version="1.0" encoding="UTF-8"?>
<!-- Generated by org.testng.reporters.JUnitXMLReporter -->
<testsuite ignored="0" hostname="DESKTOP-IPR9D9U" failures="0" tests="11" name="Default test" time="37.408" errors="0" timestamp="2026-07-17T16:08:18 IST">
  <testcase classname="tests.SwagLabsLoginTest" name="loginTest" time="0.519"/>
  <testcase classname="tests.SwagLabsLoginTest" name="loginTest" time="0.534"/>
  <testcase classname="tests.SwagLabsLoginTest" name="loginTest" time="5.505"/>
  <testcase classname="tests.SwagLabsLoginTest" name="loginTest" time="0.542"/>
  <testcase classname="tests.SwagLabsLoginTest" name="loginTest" time="0.548"/>
  <testcase classname="tests.SwagLabsLoginTest" name="loginTest" time="0.499"/>
  <testcase classname="tests.SwagLabsLoginTest" name="loginTest" time="0.448"/>
  <testcase classname="tests.SwagLabsLoginTest" name="loginTest" time="0.566"/>
  <testcase classname="tests.SwagLabsLoginTest" name="loginTest" time="0.492"/>
  <testcase classname="tests.SwagLabsLoginTest" name="loginTest" time="0.527"/>
  <testcase classname="tests.SwagLabsLoginTest" name="loginTest" time="0.5"/>
</testsuite> <!-- Default test -->
