<?xml version="1.0" encoding="UTF-8"?>
<!-- Generated by org.testng.reporters.JUnitXMLReporter -->
<testsuite ignored="0" hostname="DESKTOP-IPR9D9U" failures="0" tests="13" name="Regression Tests" time="43.858" errors="0" timestamp="2026-07-17T16:16:04 IST">
  <testcase classname="tests.SwagLabsLoginTest" name="loginTest" time="0.492"/>
  <testcase classname="tests.SwagLabsLoginTest" name="loginTest" time="0.569"/>
  <testcase classname="tests.SwagLabsLoginTest" name="loginTest" time="5.575"/>
  <testcase classname="tests.SwagLabsLoginTest" name="loginTest" time="0.537"/>
  <testcase classname="tests.SwagLabsLoginTest" name="loginTest" time="0.511"/>
  <testcase classname="tests.SwagLabsLoginTest" name="loginTest" time="0.489"/>
  <testcase classname="tests.SwagLabsLoginTest" name="loginTest" time="0.478"/>
  <testcase classname="tests.SwagLabsLoginTest" name="loginTest" time="0.442"/>
  <testcase classname="tests.SwagLabsLoginTest" name="loginTest" time="0.938"/>
  <testcase classname="tests.SwagLabsLoginTest" name="loginTest" time="0.495"/>
  <testcase classname="tests.SwagLabsLoginTest" name="loginTest" time="0.507"/>
  <testcase classname="tests.ShoppingTest" name="shoppingCartTest" time="0.898"/>
  <testcase classname="tests.CheckoutTest" name="checkoutTest" time="1.393"/>
</testsuite> <!-- Regression Tests -->
