<?xml version="1.0" encoding="UTF-8"?>
<testng-results ignored="0" total="1" passed="1" failed="0" skipped="0">
  <reporter-output>
  </reporter-output>
  <suite started-at="2026-07-10T23:37:10 IST" name="Default suite" finished-at="2026-07-10T23:37:15 IST" duration-ms="5084">
    <groups>
    </groups>
    <test started-at="2026-07-10T23:37:10 IST" name="Default test" finished-at="2026-07-10T23:37:15 IST" duration-ms="5084">
      <class name="tests.SwagLabsEndToEndTest">
        <test-method is-config="true" signature="setUp()[pri:0, instance:tests.SwagLabsEndToEndTest@2f4948e4]" started-at="2026-07-10T23:37:10 IST" name="setUp" finished-at="2026-07-10T23:37:13 IST" duration-ms="3252" status="PASS">
          <reporter-output>
          </reporter-output>
        </test-method> <!-- setUp -->
        <test-method signature="endToEndTest()[pri:0, instance:tests.SwagLabsEndToEndTest@2f4948e4]" started-at="2026-07-10T23:37:13 IST" name="endToEndTest" finished-at="2026-07-10T23:37:15 IST" duration-ms="1506" status="PASS">
          <reporter-output>
          </reporter-output>
        </test-method> <!-- endToEndTest -->
        <test-method is-config="true" signature="tearDown()[pri:0, instance:tests.SwagLabsEndToEndTest@2f4948e4]" started-at="2026-07-10T23:37:15 IST" name="tearDown" finished-at="2026-07-10T23:37:15 IST" duration-ms="278" status="PASS">
          <reporter-output>
          </reporter-output>
        </test-method> <!-- tearDown -->
      </class> <!-- tests.SwagLabsEndToEndTest -->
    </test> <!-- Default test -->
  </suite> <!-- Default suite -->
</testng-results>
