<?xml version="1.0" encoding="UTF-8"?>
<testng-results ignored="0" total="13" passed="13" failed="0" skipped="0">
  <reporter-output>
  </reporter-output>
  <suite started-at="2026-07-17T16:20:41 IST" name="SwagLabs Unit Test Suite" finished-at="2026-07-17T16:21:24 IST" duration-ms="42957">
    <groups>
    </groups>
    <test started-at="2026-07-17T16:20:41 IST" name="Unit Tests" finished-at="2026-07-17T16:21:24 IST" duration-ms="42957">
      <class name="tests.ShoppingTest">
        <test-method is-config="true" signature="setUp()[pri:0, instance:tests.ShoppingTest@8297b3a]" started-at="2026-07-17T16:21:18 IST" name="setUp" finished-at="2026-07-17T16:21:20 IST" duration-ms="1783" status="PASS">
          <reporter-output>
          </reporter-output>
        </test-method> <!-- setUp -->
        <test-method signature="shoppingCartTest()[pri:0, instance:tests.ShoppingTest@8297b3a]" started-at="2026-07-17T16:21:20 IST" name="shoppingCartTest" finished-at="2026-07-17T16:21:21 IST" duration-ms="898" status="PASS">
          <reporter-output>
          </reporter-output>
        </test-method> <!-- shoppingCartTest -->
        <test-method is-config="true" signature="tearDown()[pri:0, instance:tests.ShoppingTest@8297b3a]" started-at="2026-07-17T16:21:21 IST" name="tearDown" finished-at="2026-07-17T16:21:21 IST" duration-ms="223" status="PASS">
          <reporter-output>
          </reporter-output>
        </test-method> <!-- tearDown -->
      </class> <!-- tests.ShoppingTest -->
      <class name="tests.CheckoutTest">
        <test-method is-config="true" signature="setUp()[pri:0, instance:tests.CheckoutTest@2362f559]" started-at="2026-07-17T16:21:21 IST" name="setUp" finished-at="2026-07-17T16:21:23 IST" duration-ms="1766" status="PASS">
          <reporter-output>
          </reporter-output>
        </test-method> <!-- setUp -->
        <test-method signature="checkoutTest(java.lang.String,java.lang.String,java.lang.String,java.lang.String)[pri:0, instance:tests.CheckoutTest@2362f559]" started-at="2026-07-17T16:21:23 IST" name="checkoutTest" data-provider="CheckoutData" finished-at="2026-07-17T16:21:24 IST" duration-ms="1315" status="PASS">
          <params>
            <param index="0">
              <value>
                <![CDATA[TC001]]>
              </value>
            </param>
            <param index="1">
              <value>
                <![CDATA[hasini]]>
              </value>
            </param>
            <param index="2">
              <value>
                <![CDATA[m]]>
              </value>
            </param>
            <param index="3">
              <value>
                <![CDATA[600001]]>
              </value>
            </param>
          </params>
          <reporter-output>
          </reporter-output>
        </test-method> <!-- checkoutTest -->
        <test-method is-config="true" signature="tearDown()[pri:0, instance:tests.CheckoutTest@2362f559]" started-at="2026-07-17T16:21:24 IST" name="tearDown" finished-at="2026-07-17T16:21:24 IST" duration-ms="193" status="PASS">
          <reporter-output>
          </reporter-output>
        </test-method> <!-- tearDown -->
      </class> <!-- tests.CheckoutTest -->
      <class name="tests.SwagLabsLoginTest">
        <test-method is-config="true" signature="setUp()[pri:0, instance:tests.SwagLabsLoginTest@5aa9e4eb]" started-at="2026-07-17T16:20:42 IST" name="setUp" finished-at="2026-07-17T16:20:44 IST" duration-ms="2055" status="PASS">
          <reporter-output>
          </reporter-output>
        </test-method> <!-- setUp -->
        <test-method signature="loginTest(java.lang.String,java.lang.String,java.lang.String,java.lang.String,java.lang.String,java.lang.String)[pri:0, instance:tests.SwagLabsLoginTest@5aa9e4eb]" started-at="2026-07-17T16:20:44 IST" name="loginTest" data-provider="LoginData" finished-at="2026-07-17T16:20:46 IST" duration-ms="1716" status="PASS">
          <params>
            <param index="0">
              <value>
                <![CDATA[TC_001]]>
              </value>
            </param>
            <param index="1">
              <value>
                <![CDATA[Positive]]>
              </value>
            </param>
            <param index="2">
              <value>
                <![CDATA[standard_user]]>
              </value>
            </param>
            <param index="3">
              <value>
                <![CDATA[secret_sauce]]>
              </value>
            </param>
            <param index="4">
              <value>
                <![CDATA[User is redirected to the Products/Inventory page]]>
              </value>
            </param>
            <param index="5">
              <value>
                <![CDATA[Pass]]>
              </value>
            </param>
          </params>
          <reporter-output>
          </reporter-output>
        </test-method> <!-- loginTest -->
        <test-method is-config="true" signature="tearDown()[pri:0, instance:tests.SwagLabsLoginTest@5aa9e4eb]" started-at="2026-07-17T16:20:46 IST" name="tearDown" finished-at="2026-07-17T16:20:46 IST" duration-ms="306" status="PASS">
          <reporter-output>
          </reporter-output>
        </test-method> <!-- tearDown -->
        <test-method is-config="true" signature="setUp()[pri:0, instance:tests.SwagLabsLoginTest@5aa9e4eb]" started-at="2026-07-17T16:20:46 IST" name="setUp" finished-at="2026-07-17T16:20:48 IST" duration-ms="1879" status="PASS">
          <reporter-output>
          </reporter-output>
        </test-method> <!-- setUp -->
        <test-method signature="loginTest(java.lang.String,java.lang.String,java.lang.String,java.lang.String,java.lang.String,java.lang.String)[pri:0, instance:tests.SwagLabsLoginTest@5aa9e4eb]" started-at="2026-07-17T16:20:48 IST" name="loginTest" data-provider="LoginData" finished-at="2026-07-17T16:20:49 IST" duration-ms="545" status="PASS">
          <params>
            <param index="0">
              <value>
                <![CDATA[TC_002]]>
              </value>
            </param>
            <param index="1">
              <value>
                <![CDATA[Positive]]>
              </value>
            </param>
            <param index="2">
              <value>
                <![CDATA[problem_user]]>
              </value>
            </param>
            <param index="3">
              <value>
                <![CDATA[secret_sauce]]>
              </value>
            </param>
            <param index="4">
              <value>
                <![CDATA[User logs in successfully and lands on Products page]]>
              </value>
            </param>
            <param index="5">
              <value>
                <![CDATA[Pass]]>
              </value>
            </param>
          </params>
          <reporter-output>
          </reporter-output>
        </test-method> <!-- loginTest -->
        <test-method is-config="true" signature="tearDown()[pri:0, instance:tests.SwagLabsLoginTest@5aa9e4eb]" started-at="2026-07-17T16:20:49 IST" name="tearDown" finished-at="2026-07-17T16:20:49 IST" duration-ms="199" status="PASS">
          <reporter-output>
          </reporter-output>
        </test-method> <!-- tearDown -->
        <test-method is-config="true" signature="setUp()[pri:0, instance:tests.SwagLabsLoginTest@5aa9e4eb]" started-at="2026-07-17T16:20:49 IST" name="setUp" finished-at="2026-07-17T16:20:52 IST" duration-ms="2832" status="PASS">
          <reporter-output>
          </reporter-output>
        </test-method> <!-- setUp -->
        <test-method signature="loginTest(java.lang.String,java.lang.String,java.lang.String,java.lang.String,java.lang.String,java.lang.String)[pri:0, instance:tests.SwagLabsLoginTest@5aa9e4eb]" started-at="2026-07-17T16:20:52 IST" name="loginTest" data-provider="LoginData" finished-at="2026-07-17T16:20:57 IST" duration-ms="5473" status="PASS">
          <params>
            <param index="0">
              <value>
                <![CDATA[TC_003]]>
              </value>
            </param>
            <param index="1">
              <value>
                <![CDATA[Positive]]>
              </value>
            </param>
            <param index="2">
              <value>
                <![CDATA[performance_glitch_user]]>
              </value>
            </param>
            <param index="3">
              <value>
                <![CDATA[secret_sauce]]>
              </value>
            </param>
            <param index="4">
              <value>
                <![CDATA[User logs in successfully after a delay and lands on Products page]]>
              </value>
            </param>
            <param index="5">
              <value>
                <![CDATA[Pass]]>
              </value>
            </param>
          </params>
          <reporter-output>
          </reporter-output>
        </test-method> <!-- loginTest -->
        <test-method is-config="true" signature="tearDown()[pri:0, instance:tests.SwagLabsLoginTest@5aa9e4eb]" started-at="2026-07-17T16:20:57 IST" name="tearDown" finished-at="2026-07-17T16:20:57 IST" duration-ms="166" status="PASS">
          <reporter-output>
          </reporter-output>
        </test-method> <!-- tearDown -->
        <test-method is-config="true" signature="setUp()[pri:0, instance:tests.SwagLabsLoginTest@5aa9e4eb]" started-at="2026-07-17T16:20:57 IST" name="setUp" finished-at="2026-07-17T16:20:59 IST" duration-ms="1802" status="PASS">
          <reporter-output>
          </reporter-output>
        </test-method> <!-- setUp -->
        <test-method signature="loginTest(java.lang.String,java.lang.String,java.lang.String,java.lang.String,java.lang.String,java.lang.String)[pri:0, instance:tests.SwagLabsLoginTest@5aa9e4eb]" started-at="2026-07-17T16:20:59 IST" name="loginTest" data-provider="LoginData" finished-at="2026-07-17T16:21:00 IST" duration-ms="582" status="PASS">
          <params>
            <param index="0">
              <value>
                <![CDATA[TC_004]]>
              </value>
            </param>
            <param index="1">
              <value>
                <![CDATA[Positive]]>
              </value>
            </param>
            <param index="2">
              <value>
                <![CDATA[error_user]]>
              </value>
            </param>
            <param index="3">
              <value>
                <![CDATA[secret_sauce]]>
              </value>
            </param>
            <param index="4">
              <value>
                <![CDATA[User logs in successfully and lands on Products page]]>
              </value>
            </param>
            <param index="5">
              <value>
                <![CDATA[Pass]]>
              </value>
            </param>
          </params>
          <reporter-output>
          </reporter-output>
        </test-method> <!-- loginTest -->
        <test-method is-config="true" signature="tearDown()[pri:0, instance:tests.SwagLabsLoginTest@5aa9e4eb]" started-at="2026-07-17T16:21:00 IST" name="tearDown" finished-at="2026-07-17T16:21:00 IST" duration-ms="200" status="PASS">
          <reporter-output>
          </reporter-output>
        </test-method> <!-- tearDown -->
        <test-method is-config="true" signature="setUp()[pri:0, instance:tests.SwagLabsLoginTest@5aa9e4eb]" started-at="2026-07-17T16:21:00 IST" name="setUp" finished-at="2026-07-17T16:21:02 IST" duration-ms="1773" status="PASS">
          <reporter-output>
          </reporter-output>
        </test-method> <!-- setUp -->
        <test-method signature="loginTest(java.lang.String,java.lang.String,java.lang.String,java.lang.String,java.lang.String,java.lang.String)[pri:0, instance:tests.SwagLabsLoginTest@5aa9e4eb]" started-at="2026-07-17T16:21:02 IST" name="loginTest" data-provider="LoginData" finished-at="2026-07-17T16:21:02 IST" duration-ms="537" status="PASS">
          <params>
            <param index="0">
              <value>
                <![CDATA[TC_005]]>
              </value>
            </param>
            <param index="1">
              <value>
                <![CDATA[Positive]]>
              </value>
            </param>
            <param index="2">
              <value>
                <![CDATA[visual_user]]>
              </value>
            </param>
            <param index="3">
              <value>
                <![CDATA[secret_sauce]]>
              </value>
            </param>
            <param index="4">
              <value>
                <![CDATA[User logs in successfully and lands on Products page]]>
              </value>
            </param>
            <param index="5">
              <value>
                <![CDATA[Pass]]>
              </value>
            </param>
          </params>
          <reporter-output>
          </reporter-output>
        </test-method> <!-- loginTest -->
        <test-method is-config="true" signature="tearDown()[pri:0, instance:tests.SwagLabsLoginTest@5aa9e4eb]" started-at="2026-07-17T16:21:02 IST" name="tearDown" finished-at="2026-07-17T16:21:03 IST" duration-ms="201" status="PASS">
          <reporter-output>
          </reporter-output>
        </test-method> <!-- tearDown -->
        <test-method is-config="true" signature="setUp()[pri:0, instance:tests.SwagLabsLoginTest@5aa9e4eb]" started-at="2026-07-17T16:21:03 IST" name="setUp" finished-at="2026-07-17T16:21:04 IST" duration-ms="1815" status="PASS">
          <reporter-output>
          </reporter-output>
        </test-method> <!-- setUp -->
        <test-method signature="loginTest(java.lang.String,java.lang.String,java.lang.String,java.lang.String,java.lang.String,java.lang.String)[pri:0, instance:tests.SwagLabsLoginTest@5aa9e4eb]" started-at="2026-07-17T16:21:04 IST" name="loginTest" data-provider="LoginData" finished-at="2026-07-17T16:21:05 IST" duration-ms="508" status="PASS">
          <params>
            <param index="0">
              <value>
                <![CDATA[TC_006]]>
              </value>
            </param>
            <param index="1">
              <value>
                <![CDATA[Negative]]>
              </value>
            </param>
            <param index="2">
              <value>
                <![CDATA[locked_out_user]]>
              </value>
            </param>
            <param index="3">
              <value>
                <![CDATA[secret_sauce]]>
              </value>
            </param>
            <param index="4">
              <value>
                <![CDATA[Error message displayed: Epic sadface: Sorry, this user has been locked out.]]>
              </value>
            </param>
            <param index="5">
              <value>
                <![CDATA[Fail]]>
              </value>
            </param>
          </params>
          <reporter-output>
          </reporter-output>
        </test-method> <!-- loginTest -->
        <test-method is-config="true" signature="tearDown()[pri:0, instance:tests.SwagLabsLoginTest@5aa9e4eb]" started-at="2026-07-17T16:21:05 IST" name="tearDown" finished-at="2026-07-17T16:21:05 IST" duration-ms="178" status="PASS">
          <reporter-output>
          </reporter-output>
        </test-method> <!-- tearDown -->
        <test-method is-config="true" signature="setUp()[pri:0, instance:tests.SwagLabsLoginTest@5aa9e4eb]" started-at="2026-07-17T16:21:05 IST" name="setUp" finished-at="2026-07-17T16:21:07 IST" duration-ms="1883" status="PASS">
          <reporter-output>
          </reporter-output>
        </test-method> <!-- setUp -->
        <test-method signature="loginTest(java.lang.String,java.lang.String,java.lang.String,java.lang.String,java.lang.String,java.lang.String)[pri:0, instance:tests.SwagLabsLoginTest@5aa9e4eb]" started-at="2026-07-17T16:21:07 IST" name="loginTest" data-provider="LoginData" finished-at="2026-07-17T16:21:07 IST" duration-ms="493" status="PASS">
          <params>
            <param index="0">
              <value>
                <![CDATA[TC_007]]>
              </value>
            </param>
            <param index="1">
              <value>
                <![CDATA[Negative]]>
              </value>
            </param>
            <param index="2">
              <value>
                <![CDATA[invalid_user]]>
              </value>
            </param>
            <param index="3">
              <value>
                <![CDATA[secret_sauce]]>
              </value>
            </param>
            <param index="4">
              <value>
                <![CDATA[Error message displayed: Username and password do not match any user in this service]]>
              </value>
            </param>
            <param index="5">
              <value>
                <![CDATA[Fail]]>
              </value>
            </param>
          </params>
          <reporter-output>
          </reporter-output>
        </test-method> <!-- loginTest -->
        <test-method is-config="true" signature="tearDown()[pri:0, instance:tests.SwagLabsLoginTest@5aa9e4eb]" started-at="2026-07-17T16:21:07 IST" name="tearDown" finished-at="2026-07-17T16:21:08 IST" duration-ms="181" status="PASS">
          <reporter-output>
          </reporter-output>
        </test-method> <!-- tearDown -->
        <test-method is-config="true" signature="setUp()[pri:0, instance:tests.SwagLabsLoginTest@5aa9e4eb]" started-at="2026-07-17T16:21:08 IST" name="setUp" finished-at="2026-07-17T16:21:09 IST" duration-ms="1781" status="PASS">
          <reporter-output>
          </reporter-output>
        </test-method> <!-- setUp -->
        <test-method signature="loginTest(java.lang.String,java.lang.String,java.lang.String,java.lang.String,java.lang.String,java.lang.String)[pri:0, instance:tests.SwagLabsLoginTest@5aa9e4eb]" started-at="2026-07-17T16:21:09 IST" name="loginTest" data-provider="LoginData" finished-at="2026-07-17T16:21:10 IST" duration-ms="507" status="PASS">
          <params>
            <param index="0">
              <value>
                <![CDATA[TC_008]]>
              </value>
            </param>
            <param index="1">
              <value>
                <![CDATA[Negative]]>
              </value>
            </param>
            <param index="2">
              <value>
                <![CDATA[standard_user]]>
              </value>
            </param>
            <param index="3">
              <value>
                <![CDATA[wrong_pass]]>
              </value>
            </param>
            <param index="4">
              <value>
                <![CDATA[Error message displayed: Username and password do not match any user in this service]]>
              </value>
            </param>
            <param index="5">
              <value>
                <![CDATA[Fail]]>
              </value>
            </param>
          </params>
          <reporter-output>
          </reporter-output>
        </test-method> <!-- loginTest -->
        <test-method is-config="true" signature="tearDown()[pri:0, instance:tests.SwagLabsLoginTest@5aa9e4eb]" started-at="2026-07-17T16:21:10 IST" name="tearDown" finished-at="2026-07-17T16:21:10 IST" duration-ms="211" status="PASS">
          <reporter-output>
          </reporter-output>
        </test-method> <!-- tearDown -->
        <test-method is-config="true" signature="setUp()[pri:0, instance:tests.SwagLabsLoginTest@5aa9e4eb]" started-at="2026-07-17T16:21:10 IST" name="setUp" finished-at="2026-07-17T16:21:12 IST" duration-ms="1754" status="PASS">
          <reporter-output>
          </reporter-output>
        </test-method> <!-- setUp -->
        <test-method signature="loginTest(java.lang.String,java.lang.String,java.lang.String,java.lang.String,java.lang.String,java.lang.String)[pri:0, instance:tests.SwagLabsLoginTest@5aa9e4eb]" started-at="2026-07-17T16:21:12 IST" name="loginTest" data-provider="LoginData" finished-at="2026-07-17T16:21:12 IST" duration-ms="475" status="PASS">
          <params>
            <param index="0">
              <value>
                <![CDATA[TC_009]]>
              </value>
            </param>
            <param index="1">
              <value>
                <![CDATA[Negative]]>
              </value>
            </param>
            <param index="2">
              <value>
                <![CDATA[]]>
              </value>
            </param>
            <param index="3">
              <value>
                <![CDATA[]]>
              </value>
            </param>
            <param index="4">
              <value>
                <![CDATA[Error message displayed: Epic sadface: Username is required.]]>
              </value>
            </param>
            <param index="5">
              <value>
                <![CDATA[Fail]]>
              </value>
            </param>
          </params>
          <reporter-output>
          </reporter-output>
        </test-method> <!-- loginTest -->
        <test-method is-config="true" signature="tearDown()[pri:0, instance:tests.SwagLabsLoginTest@5aa9e4eb]" started-at="2026-07-17T16:21:12 IST" name="tearDown" finished-at="2026-07-17T16:21:13 IST" duration-ms="196" status="PASS">
          <reporter-output>
          </reporter-output>
        </test-method> <!-- tearDown -->
        <test-method is-config="true" signature="setUp()[pri:0, instance:tests.SwagLabsLoginTest@5aa9e4eb]" started-at="2026-07-17T16:21:13 IST" name="setUp" finished-at="2026-07-17T16:21:14 IST" duration-ms="1826" status="PASS">
          <reporter-output>
          </reporter-output>
        </test-method> <!-- setUp -->
        <test-method signature="loginTest(java.lang.String,java.lang.String,java.lang.String,java.lang.String,java.lang.String,java.lang.String)[pri:0, instance:tests.SwagLabsLoginTest@5aa9e4eb]" started-at="2026-07-17T16:21:14 IST" name="loginTest" data-provider="LoginData" finished-at="2026-07-17T16:21:15 IST" duration-ms="475" status="PASS">
          <params>
            <param index="0">
              <value>
                <![CDATA[TC_010]]>
              </value>
            </param>
            <param index="1">
              <value>
                <![CDATA[Negative]]>
              </value>
            </param>
            <param index="2">
              <value>
                <![CDATA[standard_user]]>
              </value>
            </param>
            <param index="3">
              <value>
                <![CDATA[]]>
              </value>
            </param>
            <param index="4">
              <value>
                <![CDATA[Error message displayed: Epic sadface: Password is required.]]>
              </value>
            </param>
            <param index="5">
              <value>
                <![CDATA[Fail]]>
              </value>
            </param>
          </params>
          <reporter-output>
          </reporter-output>
        </test-method> <!-- loginTest -->
        <test-method is-config="true" signature="tearDown()[pri:0, instance:tests.SwagLabsLoginTest@5aa9e4eb]" started-at="2026-07-17T16:21:15 IST" name="tearDown" finished-at="2026-07-17T16:21:15 IST" duration-ms="228" status="PASS">
          <reporter-output>
          </reporter-output>
        </test-method> <!-- tearDown -->
        <test-method is-config="true" signature="setUp()[pri:0, instance:tests.SwagLabsLoginTest@5aa9e4eb]" started-at="2026-07-17T16:21:15 IST" name="setUp" finished-at="2026-07-17T16:21:17 IST" duration-ms="2255" status="PASS">
          <reporter-output>
          </reporter-output>
        </test-method> <!-- setUp -->
        <test-method signature="loginTest(java.lang.String,java.lang.String,java.lang.String,java.lang.String,java.lang.String,java.lang.String)[pri:0, instance:tests.SwagLabsLoginTest@5aa9e4eb]" started-at="2026-07-17T16:21:17 IST" name="loginTest" data-provider="LoginData" finished-at="2026-07-17T16:21:18 IST" duration-ms="407" status="PASS">
          <params>
            <param index="0">
              <value>
                <![CDATA[TC_011]]>
              </value>
            </param>
            <param index="1">
              <value>
                <![CDATA[Negative]]>
              </value>
            </param>
            <param index="2">
              <value>
                <![CDATA[]]>
              </value>
            </param>
            <param index="3">
              <value>
                <![CDATA[]]>
              </value>
            </param>
            <param index="4">
              <value>
                <![CDATA[Error message displayed:Epic sadface: Username is required]]>
              </value>
            </param>
            <param index="5">
              <value>
                <![CDATA[Fail]]>
              </value>
            </param>
          </params>
          <reporter-output>
          </reporter-output>
        </test-method> <!-- loginTest -->
        <test-method is-config="true" signature="tearDown()[pri:0, instance:tests.SwagLabsLoginTest@5aa9e4eb]" started-at="2026-07-17T16:21:18 IST" name="tearDown" finished-at="2026-07-17T16:21:18 IST" duration-ms="174" status="PASS">
          <reporter-output>
          </reporter-output>
        </test-method> <!-- tearDown -->
      </class> <!-- tests.SwagLabsLoginTest -->
    </test> <!-- Unit Tests -->
  </suite> <!-- SwagLabs Unit Test Suite -->
</testng-results>
