<?xml version="1.0" encoding="UTF-8"?>
<!-- Generated by org.testng.reporters.JUnitReportReporter -->
<testsuite hostname="DESKTOP-IPR9D9U" failures="0" tests="11" name="tests.SwagLabsLoginTest" time="35.613" errors="0" timestamp="2026-07-17T16:21:24 IST" skipped="0">
  <testcase classname="tests.SwagLabsLoginTest" name="loginTest" time="2.362"/>
  <testcase classname="tests.SwagLabsLoginTest" name="loginTest" time="3.036"/>
  <testcase classname="tests.SwagLabsLoginTest" name="loginTest" time="2.652"/>
  <testcase classname="tests.SwagLabsLoginTest" name="loginTest" time="2.447"/>
  <testcase classname="tests.SwagLabsLoginTest" name="loginTest" time="2.664"/>
  <testcase classname="tests.SwagLabsLoginTest" name="loginTest" time="2.793"/>
  <testcase classname="tests.SwagLabsLoginTest" name="loginTest" time="2.482"/>
  <testcase classname="tests.SwagLabsLoginTest" name="loginTest" time="7.466"/>
  <testcase classname="tests.SwagLabsLoginTest" name="loginTest" time="2.446"/>
  <testcase classname="tests.SwagLabsLoginTest" name="loginTest" time="2.521"/>
  <testcase classname="tests.SwagLabsLoginTest" name="loginTest" time="4.744"/>
</testsuite> <!-- tests.SwagLabsLoginTest -->
