<?xml version="1.0" encoding="UTF-8"?>
<!-- Generated by org.testng.reporters.JUnitXMLReporter -->
<testsuite ignored="0" hostname="DESKTOP-IPR9D9U" failures="0" tests="11" name="Login Test" time="36.738" errors="0" timestamp="2026-07-17T16:11:55 IST">
  <testcase classname="tests.SwagLabsLoginTest" name="loginTest" time="0.545"/>
  <testcase classname="tests.SwagLabsLoginTest" name="loginTest" time="0.514"/>
  <testcase classname="tests.SwagLabsLoginTest" name="loginTest" time="5.59"/>
  <testcase classname="tests.SwagLabsLoginTest" name="loginTest" time="0.572"/>
  <testcase classname="tests.SwagLabsLoginTest" name="loginTest" time="0.547"/>
  <testcase classname="tests.SwagLabsLoginTest" name="loginTest" time="0.521"/>
  <testcase classname="tests.SwagLabsLoginTest" name="loginTest" time="0.514"/>
  <testcase classname="tests.SwagLabsLoginTest" name="loginTest" time="0.516"/>
  <testcase classname="tests.SwagLabsLoginTest" name="loginTest" time="0.73"/>
  <testcase classname="tests.SwagLabsLoginTest" name="loginTest" time="0.5"/>
  <testcase classname="tests.SwagLabsLoginTest" name="loginTest" time="0.47"/>
</testsuite> <!-- Login Test -->
